<?xml version="1.0" encoding="UTF-8"?>
<!-- Generated by org.testng.reporters.JUnitXMLReporter -->
<testsuite ignored="2" hostname="DESKTOP-C3D4EMT" failures="0" tests="2" name="Test" time="0.07" errors="0" timestamp="2024-08-14T15:39:57 IST">
  <testcase classname="pac1.ContactTest" name="createcontactTest" time="0.012"/>
  <testcase classname="pac2.OrgTest" name="createOrgTest" time="0.002"/>
  <testcase classname="pac2.OrgTest" name="modifyOrgTest" time="0.0">
    <ignored/>
  </testcase> <!-- modifyOrgTest -->
  <testcase classname="pac1.ContactTest" name="modifycontactTest" time="0.0">
    <ignored/>
  </testcase> <!-- modifycontactTest -->
</testsuite> <!-- Test -->
