<?xml version="1.0" encoding="UTF-8"?>
<testng-results ignored="2" total="4" passed="2" failed="0" skipped="0">
  <reporter-output>
  </reporter-output>
  <suite started-at="2024-08-14T15:39:57 IST" name="Suite" finished-at="2024-08-14T15:39:57 IST" duration-ms="70">
    <groups>
      <group name="smoke">
        <method signature="ContactTest.createcontactTest()[pri:0, instance:pac1.ContactTest@5acf93bb]" name="createcontactTest" class="pac1.ContactTest"/>
        <method signature="OrgTest.createOrgTest()[pri:0, instance:pac2.OrgTest@342c38f8]" name="createOrgTest" class="pac2.OrgTest"/>
      </group> <!-- smoke -->
    </groups>
    <test started-at="2024-08-14T15:39:57 IST" name="Test" finished-at="2024-08-14T15:39:57 IST" duration-ms="70">
      <class name="pac1.ContactTest">
        <test-method signature="createcontactTest()[pri:0, instance:pac1.ContactTest@5acf93bb]" started-at="2024-08-14T15:39:57 IST" name="createcontactTest" finished-at="2024-08-14T15:39:57 IST" duration-ms="12" status="PASS">
          <reporter-output>
          </reporter-output>
        </test-method> <!-- createcontactTest -->
      </class> <!-- pac1.ContactTest -->
      <class name="pac2.OrgTest">
        <test-method signature="createOrgTest()[pri:0, instance:pac2.OrgTest@342c38f8]" started-at="2024-08-14T15:39:57 IST" name="createOrgTest" finished-at="2024-08-14T15:39:57 IST" duration-ms="2" status="PASS">
          <reporter-output>
          </reporter-output>
        </test-method> <!-- createOrgTest -->
      </class> <!-- pac2.OrgTest -->
    </test> <!-- Test -->
  </suite> <!-- Suite -->
</testng-results>
